[00:00:25] [Server thread/INFO] [net.minecraft.scalar.mineall.mod_MineAllSMP]: mod_MineAllSMP.canMine:Block{minecraft:deepslate_diamond_ore}(pos=BlockPos{x=-27, y=-52, z=260}) is Tags.Blocks.ORES.
[00:00:30] [Server thread/WARN] [net.minecraft.server.network.ServerGamePacketListenerImpl]: Lia_8989 moved wrongly!
[00:00:32] [Server thread/WARN] [net.minecraft.server.network.ServerGamePacketListenerImpl]: Lia_8989 moved wrongly!
[00:00:42] [Server thread/WARN] [net.minecraft.server.network.ServerGamePacketListenerImpl]: Lia_8989 moved wrongly!
[00:01:09] [Server thread/INFO] [net.minecraft.scalar.mineall.mod_MineAllSMP]: mod_MineAllSMP.canMine:Block{minecraft:deepslate_redstone_ore}(pos=BlockPos{x=-66, y=-45, z=269}) is Tags.Blocks.ORES.
[00:02:37] [Server thread/INFO] [net.minecraft.scalar.mineall.mod_MineAllSMP]: mod_MineAllSMP.canMine:Block{minecraft:deepslate_gold_ore}(pos=BlockPos{x=17, y=-19, z=294}) is Tags.Blocks.ORES.
[00:04:50] [Server thread/INFO] [net.minecraft.scalar.mineall.mod_MineAllSMP]: mod_MineAllSMP.canMine:Block{minecraft:deepslate_gold_ore}(pos=BlockPos{x=-18, y=-28, z=307}) is Tags.Blocks.ORES.
[00:05:04] [Server thread/WARN] [net.minecraft.server.network.ServerGamePacketListenerImpl]: Lia_8989 moved wrongly!
[00:05:19] [Server thread/WARN] [net.minecraft.server.network.ServerGamePacketListenerImpl]: Lia_8989 moved wrongly!
[00:07:11] [Server thread/WARN] [net.minecraft.server.network.ServerGamePacketListenerImpl]: Lia_8989 moved wrongly!
[00:07:38] [Server thread/WARN] [net.minecraft.server.network.ServerGamePacketListenerImpl]: Lia_8989 moved wrongly!
[00:07:46] [Server thread/WARN] [net.minecraft.server.network.ServerGamePacketListenerImpl]: Lia_8989 moved wrongly!
[00:07:50] [Server thread/WARN] [net.minecraft.server.network.ServerGamePacketListenerImpl]: Lia_8989 moved wrongly!
[00:07:58] [Server thread/WARN] [net.minecraft.server.network.ServerGamePacketListenerImpl]: Lia_8989 moved wrongly!
[00:08:01] [Server thread/WARN] [net.minecraft.server.network.ServerGamePacketListenerImpl]: Lia_8989 moved wrongly!
[00:08:06] [Server thread/WARN] [net.minecraft.server.network.ServerGamePacketListenerImpl]: Lia_8989 moved wrongly!
[00:08:32] [Server thread/INFO] [net.minecraft.server.network.ServerGamePacketListenerImpl]: Ryona_175 lost connection: Disconnected
[00:08:33] [Server thread/INFO] [Minecraft]: Ryona_175さんがサーバーを退出しました。
[00:08:33] [Server thread/INFO] [de.maxhenkel.voicechat.Voicechat]: [voicechat] Disconnecting client Ryona_175
[00:08:33] [Server thread/INFO] [net.minecraft.server.MinecraftServer]: Ryona_175 left the game
[00:08:44] [Server thread/WARN] [net.minecraft.server.network.ServerGamePacketListenerImpl]: Lia_8989 moved wrongly!
[00:10:06] [Server thread/WARN] [net.minecraft.server.network.ServerGamePacketListenerImpl]: Lia_8989 moved wrongly!
[00:10:17] [Server thread/WARN] [net.minecraft.server.network.ServerGamePacketListenerImpl]: susumu9 moved wrongly!
[00:10:26] [Server thread/WARN] [net.minecraft.server.network.ServerGamePacketListenerImpl]: susumu9 moved wrongly!
[00:11:39] [Server thread/WARN] [net.minecraft.server.network.ServerGamePacketListenerImpl]: susumu9 moved wrongly!
[00:11:54] [Server thread/WARN] [net.minecraft.server.network.ServerGamePacketListenerImpl]: susumu9 moved wrongly!
[00:11:54] [Server thread/WARN] [net.minecraft.server.network.ServerGamePacketListenerImpl]: susumu9 moved wrongly!
[00:12:08] [Server thread/WARN] [net.minecraft.server.network.ServerGamePacketListenerImpl]: susumu9 moved wrongly!
[00:12:13] [Server thread/WARN] [net.minecraft.server.network.ServerGamePacketListenerImpl]: susumu9 moved wrongly!
[00:12:19] [Server thread/INFO] [net.minecraft.server.MinecraftServer]: susumu9 fell from a high place
[00:12:40] [Server thread/WARN] [net.minecraft.server.network.ServerGamePacketListenerImpl]: susumu9 moved wrongly!
[00:13:30] [Server thread/WARN] [net.minecraft.server.network.ServerGamePacketListenerImpl]: xplode7627 moved wrongly!
[00:13:34] [Server thread/WARN] [net.minecraft.server.network.ServerGamePacketListenerImpl]: Lia_8989 moved wrongly!
[00:14:08] [Server thread/WARN] [net.minecraft.server.network.ServerGamePacketListenerImpl]: Lia_8989 moved wrongly!
[00:14:12] [Server thread/INFO] [net.minecraft.world.entity.LivingEntity]: Named entity Villager['Cythia'/91970, l='ServerLevel[world]', x=-33.51, y=121.00, z=22.51] died: Cythia was burnt to a crisp whilst fighting Zombie
[00:14:17] [Server thread/WARN] [net.minecraft.server.network.ServerGamePacketListenerImpl]: susumu9 moved wrongly!
[00:14:54] [Server thread/WARN] [net.minecraft.server.network.ServerGamePacketListenerImpl]: susumu9 moved wrongly!
[00:15:20] [Server thread/INFO] [net.minecraft.server.MinecraftServer]: susumu9 was burnt to a crisp whilst fighting susumu9
[00:15:35] [Server thread/WARN] [net.minecraft.server.network.ServerGamePacketListenerImpl]: Lia_8989 moved wrongly!
[00:17:01] [Server thread/INFO] [net.minecraft.server.MinecraftServer]: Lia_8989 blew up
[00:18:39] [Server thread/WARN] [net.minecraft.server.network.ServerGamePacketListenerImpl]: susumu9 moved wrongly!
[00:18:48] [Server thread/INFO] [net.minecraft.server.MinecraftServer]: susumu9 fell from a high place
[00:19:06] [Server thread/WARN] [net.minecraft.server.network.ServerGamePacketListenerImpl]: Lia_8989 moved wrongly!
[00:20:09] [Server thread/WARN] [net.minecraft.server.network.ServerGamePacketListenerImpl]: Lia_8989 moved wrongly!
[00:23:09] [Server thread/WARN] [net.minecraft.server.network.ServerGamePacketListenerImpl]: Lia_8989 moved wrongly!
[00:23:17] [Server thread/WARN] [net.minecraft.server.network.ServerGamePacketListenerImpl]: Lia_8989 moved wrongly!
[00:23:44] [Server thread/WARN] [net.minecraft.server.network.ServerGamePacketListenerImpl]: susumu9 moved wrongly!
[00:28:31] [Server thread/WARN] [net.minecraft.server.network.ServerGamePacketListenerImpl]: Lia_8989 moved wrongly!
[00:29:11] [Server thread/INFO] [net.minecraft.scalar.cutall.ModConfig]: net.minecraft.scalar.cutall.mod_CutAllSMP config reload.
[00:31:25] [Thread-1/INFO] [net.minecraft.scalar.cutall.ModConfig]: net.minecraft.scalar.cutall.mod_CutAllSMP config reload.
[00:31:25] [Thread-1/INFO] [net.minecraft.scalar.cutall.ModConfig]: net.minecraft.scalar.cutall.mod_CutAllSMP config reload.
[00:31:47] [Server thread/WARN] [net.minecraft.server.network.ServerGamePacketListenerImpl]: Lia_8989 moved wrongly!
[00:32:08] [Server thread/WARN] [net.minecraft.server.network.ServerGamePacketListenerImpl]: Lia_8989 moved wrongly!
[00:33:15] [Server thread/WARN] [net.minecraft.server.network.ServerGamePacketListenerImpl]: Lia_8989 moved wrongly!
[00:33:31] [Server thread/WARN] [net.minecraft.server.network.ServerGamePacketListenerImpl]: Lia_8989 moved wrongly!
[00:34:43] [Server thread/WARN] [net.minecraft.server.network.ServerGamePacketListenerImpl]: Lia_8989 moved wrongly!
[00:37:00] [Server thread/WARN] [net.minecraft.server.network.ServerGamePacketListenerImpl]: Lia_8989 moved wrongly!
[00:39:09] [Server thread/WARN] [net.minecraft.server.network.ServerGamePacketListenerImpl]: Lia_8989 moved wrongly!
[00:42:16] [Server thread/WARN] [net.minecraft.server.network.ServerGamePacketListenerImpl]: Lia_8989 moved wrongly!
[00:44:45] [Worker-Main-1685/ERROR] [net.minecraft.world.entity.decoration.HangingEntity]: Hanging entity at invalid position: BlockPos{x=124, y=-23, z=87}
[00:44:45] [Worker-Main-1685/ERROR] [net.minecraft.world.entity.decoration.HangingEntity]: Hanging entity at invalid position: BlockPos{x=114, y=-23, z=87}
[00:45:00] [Server thread/WARN] [net.minecraft.server.network.ServerGamePacketListenerImpl]: Lia_8989 moved wrongly!
[00:46:47] [Server thread/WARN] [net.minecraft.server.network.ServerGamePacketListenerImpl]: xplode7627 moved wrongly!
[00:48:02] [Server thread/WARN] [net.minecraft.server.network.ServerGamePacketListenerImpl]: xplode7627 moved wrongly!
[00:48:43] [Server thread/WARN] [net.minecraft.server.network.ServerGamePacketListenerImpl]: Lia_8989 moved wrongly!
[00:51:22] [Server thread/INFO] [net.minecraft.scalar.mineall.mod_MineAllSMP]: mod_MineAllSMP.canMine:Block{minecraft:coal_ore}(pos=BlockPos{x=-5, y=116, z=44}) is Tags.Blocks.ORES.
[00:51:48] [Server thread/WARN] [net.minecraft.server.network.ServerGamePacketListenerImpl]: Lia_8989 moved wrongly!
[00:51:55] [Server thread/INFO] [net.minecraft.scalar.mineall.mod_MineAllSMP]: mod_MineAllSMP.canMine:Block{minecraft:coal_ore}(pos=BlockPos{x=-8, y=119, z=45}) is Tags.Blocks.ORES.
[00:52:10] [Server thread/INFO] [net.minecraft.scalar.mineall.mod_MineAllSMP]: mod_MineAllSMP.canMine:Block{minecraft:emerald_ore}(pos=BlockPos{x=24, y=233, z=-1050}) is Tags.Blocks.ORES.
[00:52:24] [Server thread/INFO] [net.minecraft.scalar.mineall.mod_MineAllSMP]: mod_MineAllSMP.canMine:Block{minecraft:emerald_ore}(pos=BlockPos{x=12, y=236, z=-1067}) is Tags.Blocks.ORES.
[00:52:43] [Server thread/INFO] [net.minecraft.scalar.mineall.mod_MineAllSMP]: mod_MineAllSMP.canMine:Block{minecraft:emerald_ore}(pos=BlockPos{x=12, y=235, z=-1042}) is Tags.Blocks.ORES.
[00:53:06] [Server thread/INFO] [net.minecraft.server.MinecraftServer]: Lia_8989 has made the advancement [Hephaestos]
[00:53:07] [Async Chat Thread - #53/INFO] [net.minecraft.server.MinecraftServer]: <susumu9> メイドしんでるやんけ
[00:53:20] [Async Chat Thread - #52/INFO] [net.minecraft.server.MinecraftServer]: <susumu9> ゆるせねえ
[00:53:44] [Server thread/INFO] [net.minecraft.scalar.mineall.mod_MineAllSMP]: mod_MineAllSMP.canMine:Block{minecraft:emerald_ore}(pos=BlockPos{x=-24, y=236, z=-1091}) is Tags.Blocks.ORES.
[00:54:29] [Server thread/INFO] [net.minecraft.scalar.mineall.mod_MineAllSMP]: mod_MineAllSMP.canMine:Block{minecraft:iron_ore}(pos=BlockPos{x=-5, y=118, z=42}) is Tags.Blocks.ORES.
[00:55:37] [Server thread/WARN] [net.minecraft.server.network.ServerGamePacketListenerImpl]: Lia_8989 moved wrongly!
[00:56:46] [Server thread/INFO] [net.minecraft.scalar.mineall.mod_MineAllSMP]: mod_MineAllSMP.canMine:Block{minecraft:emerald_ore}(pos=BlockPos{x=5, y=236, z=-1119}) is Tags.Blocks.ORES.
[00:58:24] [Server thread/WARN] [net.minecraft.server.network.ServerGamePacketListenerImpl]: Lia_8989 moved wrongly!
[00:59:21] [Server thread/WARN] [net.minecraft.server.network.ServerGamePacketListenerImpl]: Lia_8989 moved wrongly!
[01:00:18] [Async Chat Thread - #54/INFO] [net.minecraft.server.MinecraftServer]: <susumu9> メイド生きてるやんけ！
[01:00:29] [Server thread/WARN] [net.minecraft.server.network.ServerGamePacketListenerImpl]: Lia_8989 moved wrongly!
[01:00:31] [Server thread/INFO] [net.minecraft.scalar.mineall.mod_MineAllSMP]: mod_MineAllSMP.canMine:Block{mores:tin_ore}(pos=BlockPos{x=-7, y=121, z=40}) is not Tags.Blocks.ORES.
[01:02:31] [Server thread/WARN] [net.minecraft.server.network.ServerGamePacketListenerImpl]: Lia_8989 moved wrongly!
[01:02:35] [Server thread/WARN] [net.minecraft.server.network.ServerGamePacketListenerImpl]: Lia_8989 moved wrongly!
[01:03:20] [Server thread/WARN] [net.minecraft.server.network.ServerGamePacketListenerImpl]: Lia_8989 moved wrongly!
[01:06:27] [Server thread/INFO] [net.minecraft.world.entity.LivingEntity]: Named entity ZombieVillager['Lauretta'/310013, l='ServerLevel[world]', x=-33.51, y=121.00, z=18.51] died: Lauretta was shot by susumu9
[01:09:10] [Server thread/INFO] [net.minecraft.server.MinecraftServer]: Lia_8989 has made the advancement [What a Deal!]
[01:09:32] [Server thread/WARN] [net.minecraft.server.network.ServerGamePacketListenerImpl]: Lia_8989 moved wrongly!
[01:12:47] [Async Chat Thread - #57/INFO] [net.minecraft.server.MinecraftServer]: <Lia_8989> おつかれ
[01:13:27] [Server thread/INFO] [net.minecraft.server.network.ServerGamePacketListenerImpl]: Lia_8989 lost connection: Disconnected
[01:13:28] [Server thread/INFO] [Minecraft]: Lia_8989さんがサーバーを退出しました。
[01:13:28] [Server thread/INFO] [de.maxhenkel.voicechat.Voicechat]: [voicechat] Disconnecting client Lia_8989
[01:13:28] [Server thread/INFO] [net.minecraft.server.MinecraftServer]: Lia_8989 left the game
[01:15:08] [Server thread/WARN] [net.minecraft.server.network.ServerGamePacketListenerImpl]: xplode7627 moved wrongly!
[01:27:20] [Server thread/WARN] [net.minecraft.server.network.ServerGamePacketListenerImpl]: xplode7627 moved wrongly!
[01:33:02] [Async Chat Thread - #58/INFO] [net.minecraft.server.MinecraftServer]: <susumu9> おちるます
[01:33:04] [Async Chat Thread - #58/INFO] [net.minecraft.server.MinecraftServer]: <susumu9> おやすみ
[01:33:06] [Server thread/INFO] [net.minecraft.server.network.ServerGamePacketListenerImpl]: susumu9 lost connection: Disconnected
[01:33:07] [Server thread/INFO] [Minecraft]: susumu9さんがサーバーを退出しました。
[01:33:07] [Server thread/INFO] [de.maxhenkel.voicechat.Voicechat]: [voicechat] Disconnecting client susumu9
[01:33:07] [Server thread/INFO] [net.minecraft.server.MinecraftServer]: susumu9 left the game
[02:10:31] [Server thread/INFO] [net.minecraft.server.network.ServerGamePacketListenerImpl]: xplode7627 lost connection: Disconnected
[02:10:32] [Server thread/INFO] [Minecraft]: xplode7627さんがサーバーを退出しました。
[02:10:32] [Server thread/INFO] [de.maxhenkel.voicechat.Voicechat]: [voicechat] Disconnecting client xplode7627
[02:10:32] [Server thread/INFO] [net.minecraft.server.MinecraftServer]: xplode7627 left the game
[10:30:48] [Server thread/INFO] [net.minecraft.server.MinecraftServer]: [Server] お知らせ: 30秒後にサーバーを再起動します
[10:30:48] [Server thread/INFO] [net.minecraft.server.MinecraftServer]: Saving the game (this may take a moment!)
[10:30:48] [Server thread/INFO] [net.minecraft.server.MinecraftServer]: Saved the game
[10:31:18] [Server thread/INFO] [net.minecraft.server.MinecraftServer]: Stopping the server
[10:31:18] [Server thread/INFO] [net.minecraft.server.MinecraftServer]: Stopping server
[10:31:18] [Server thread/INFO] [com.mohistmc.plugins.Main]: [Mohist] Disabling Mohist v1.20.1
[10:31:18] [Server thread/INFO] [com.halmates.mcdiscordnotifier.MCDiscordNotifier]: [MCDiscordNotifier] Disabling MCDiscordNotifier v1.0.0
[10:31:18] [Server thread/INFO] [Minecraft]: プラグインが停止しました。
[10:31:18] [Server thread/INFO] [de.maxhenkel.voicechat.Voicechat]: [voicechat] Disabling voicechat v2.5.13
[10:31:18] [Server thread/INFO] [net.minecraft.server.MinecraftServer]: Saving players
[10:31:18] [Server thread/INFO] [net.minecraft.server.MinecraftServer]: Saving worlds
[10:31:19] [Server thread/INFO] [net.minecraft.server.MinecraftServer]: Saving chunks for level 'ServerLevel[world]'/minecraft:overworld
[10:31:20] [Server thread/INFO] [net.minecraft.server.MinecraftServer]: Saving chunks for level 'ServerLevel[world]'/minecraft:the_nether
[10:31:20] [Server thread/INFO] [net.minecraft.server.MinecraftServer]: Saving chunks for level 'ServerLevel[world]'/minecraft:the_end
[10:31:20] [Server thread/INFO] [net.minecraft.server.MinecraftServer]: ThreadedAnvilChunkStorage (world): All chunks are saved
[10:31:20] [Server thread/INFO] [net.minecraft.server.MinecraftServer]: ThreadedAnvilChunkStorage (DIM-1): All chunks are saved
[10:31:20] [Server thread/INFO] [net.minecraft.server.MinecraftServer]: ThreadedAnvilChunkStorage (DIM1): All chunks are saved
[10:31:20] [Server thread/INFO] [net.minecraft.server.MinecraftServer]: ThreadedAnvilChunkStorage: All dimensions are saved
[10:31:20] [Server thread/INFO] [journeymap]: Loading JourneyMap Forge Configs
